<?xml version="1.0" encoding="ISO-8859-1"?>
<configuration xmlns:xsi="http://www.w3.org/2001/XMLSchema-instance" xsi:schemaLocation="http://www.exoplaform.org/xml/ns/kernel_1_0.xsd http://www.exoplaform.org/xml/ns/kernel_1_0.xsd" xmlns="http://www.exoplaform.org/xml/ns/kernel_1_0.xsd">

   <!-- Storage Provider -->
    <component>
      <type>org.xcmis.sp.inmemory.StorageProviderImpl</type>
         <init-params>
           <object-param>
             <name>configs</name>
                <object type="org.xcmis.sp.inmemory.StorageProviderImpl$StorageProviderConfig">
                  <field name="storage">
                        <object type="org.xcmis.sp.inmemory.StorageConfiguration">
                            <field name="id">
                               <!-- ID of CMIS repository -->
                               <string>cmis-inmem1</string>
                            </field>
                            <field name="properties">
                               <map type="java.util.HashMap">
                                 <entry>
                                   <key>
                                    <string>org.xcmis.inmemory.maxmem</string>
                                   </key>
                                   <value>
                                    <string>128MB</string>
                                   </value>
                                 </entry>
                                 <entry>
                                   <key>
                                    <string>org.xcmis.inmemory.maxitems</string>
                                   </key>
                                   <value>
                                    <string>50</string>
                                   </value>
                                 </entry>
                               </map>
                           </field>
                      </object>
                  </field>
                </object>
         </object-param>
      </init-params>
   </component>
</configuration>
