<?xml version="1.0" encoding="ISO-8859-1"?>
<configuration xmlns:xsi="http://www.w3.org/2001/XMLSchema-instance" xsi:schemaLocation="http://www.exoplaform.org/xml/ns/kernel_1_0.xsd http://www.exoplaform.org/xml/ns/kernel_1_0.xsd" xmlns="http://www.exoplaform.org/xml/ns/kernel_1_0.xsd">

   <component>
      <key>org.exoplatform.services.log.LogConfigurationInitializer</key>
      <type>org.exoplatform.services.log.LogConfigurationInitializer</type>
      <init-params>
         <value-param>
            <name>logger</name>
            <value>org.slf4j.Logger</value>
         </value-param>
         <value-param>
            <name>configurator</name>
            <value>org.exoplatform.services.log.impl.Log4JConfigurator</value>
         </value-param>
         <properties-param>
            <name>properties</name>
            <description>Log4J properties</description>
            <property name="log4j.rootLogger" value="INFO, stdout, file" />
            <property name="log4j.appender.stdout" value="org.apache.log4j.ConsoleAppender" />
            <property name="log4j.appender.stdout.threshold" value="INFO, stdout" />
            <property name="log4j.appender.stdout.layout" value="org.apache.log4j.PatternLayout" />
            <property name="log4j.appender.stdout.layout.ConversionPattern" value="%d{dd.MM.yyyy HH:mm:ss} *%-5p* [%t] %c{1}: %m (%F, line %L) %n" />
            <property name="log4j.appender.file" value="org.apache.log4j.FileAppender" />
            <property name="log4j.appender.file.File" value="target/tck.log" />
            <property name="log4j.appender.stdout.threshold" value="DEBUG" />
            <property name="log4j.appender.file.layout" value="org.apache.log4j.PatternLayout" />
            <property name="log4j.appender.file.layout.ConversionPattern" value="%d{dd.MM.yyyy HH:mm:ss} *%-5p* [%t] %c{1}: %m (%F, line %L) %n" />
            <!-- <property name="log4j.logger.org.exoplatform.services.rest.impl.RequestHandlerImpl" value="DEBUG" /> -->
         </properties-param>
      </init-params>
   </component>

   <component>
      <type>org.xcmis.spi.deploy.ExoContainerCmisRegistry</type>
   </component>

   <component>
      <type>org.xcmis.spi.PermissionService</type>
   </component>

   <!-- Storage Provider -->
    <component>
      <type>org.xcmis.sp.inmemory.StorageProviderImpl</type>
         <init-params>
           <object-param>
             <name>configs</name>
                <object type="org.xcmis.sp.inmemory.StorageProviderImpl$StorageProviderConfig">
                  <field name="storage">
                        <object type="org.xcmis.sp.inmemory.StorageConfiguration">
                            <field name="id">
                               <!-- ID of CMIS repository -->
                               <string>cmis-inmem1</string>
                            </field>
                            <field name="properties">
                               <map type="java.util.HashMap">
                                 <entry>
                                   <key>
                                    <string>org.xcmis.inmemory.maxmem</string>
                                   </key>
                                   <value>
                                    <string>128MB</string>
                                   </value>
                                 </entry>
                                 <entry>
                                   <key>
                                    <string>org.xcmis.inmemory.maxitems</string>
                                   </key>
                                   <value>
                                    <string>50</string>
                                   </value>
                                 </entry>
                               </map>
                           </field>
                      </object>
                  </field>
                </object>
         </object-param>
      </init-params>
   </component>

   <component>
      <type>org.exoplatform.services.organization.impl.mock.DummyOrganizationService</type>
   </component>

   <component>
      <key>org.exoplatform.services.security.Authenticator</key>
      <type>org.exoplatform.services.organization.auth.OrganizationAuthenticatorImpl</type>
   </component>
</configuration>
