<repository-service default-repository="db1">
   <repositories>
      <repository name="db1" system-workspace="ws" default-workspace="ws">
         <security-domain>exo-domain</security-domain>
         <access-control>optional</access-control>
         <authentication-policy>org.exoplatform.services.jcr.impl.core.access.JAASAuthenticator</authentication-policy>
         <workspaces>
            <workspace name="ws">
               <!-- for system storage -->
               <container class="org.exoplatform.services.jcr.impl.storage.jdbc.JDBCWorkspaceDataContainer">
                  <properties>
                     <property name="source-name" value="jdbcexo" />
                     <property name="dialect" value="hsqldb" />
                     <property name="multi-db" value="true" />
                     <property name="update-storage" value="true" />
                     <property name="max-buffer-size" value="200k" />
                     <property name="swap-directory" value="target/temp/swap/ws" />
                  </properties>
               </container>
               <cache enabled="true">
                  <properties>
                     <property name="max-size" value="5k" />
                     <property name="live-time" value="1h" />
                  </properties>
               </cache>
            </workspace>
            <workspace name="ws1" auto-init-root-nodetype="nt:unstructured">
               <container class="org.exoplatform.services.jcr.impl.storage.jdbc.JDBCWorkspaceDataContainer">
                  <properties>
                     <property name="source-name" value="jdbcexo1" />
                     <property name="dialect" value="hsqldb" />
                     <property name="multi-db" value="true" />
                     <property name="update-storage" value="true" />
                     <property name="max-buffer-size" value="200k" />
                     <property name="swap-directory" value="target/temp/swap/ws1" />
                  </properties>
               </container>
               <cache enabled="true">
                  <properties>
                     <property name="max-size" value="5k" />
                     <property name="live-time" value="1h" />
                  </properties>
               </cache>
            </workspace>
         </workspaces>
      </repository>
   </repositories>
</repository-service>
